<?xml version="1.0" encoding="UTF-8"?>
<testng-results skipped="0" failed="0" ignored="0" total="1" passed="1">
  <reporter-output>
  </reporter-output>
  <suite name="Data Driven basics" duration-ms="3426" started-at="2021-12-04T06:43:27Z" finished-at="2021-12-04T06:43:31Z">
    <groups>
    </groups>
    <test name="Validate Title Test" duration-ms="3426" started-at="2021-12-04T06:43:27Z" finished-at="2021-12-04T06:43:31Z">
      <class name="com.w2a.testcases.LoginTest">
        <test-method status="PASS" signature="setUp()[pri:0, instance:com.w2a.testcases.LoginTest@5056dfcb]" name="setUp" is-config="true" duration-ms="6556" started-at="2021-12-04T06:43:21Z" finished-at="2021-12-04T06:43:27Z">
          <reporter-output>
          </reporter-output>
        </test-method> <!-- setUp -->
        <test-method status="PASS" signature="loginAsBankManager()[pri:0, instance:com.w2a.testcases.LoginTest@5056dfcb]" name="loginAsBankManager" duration-ms="3401" started-at="2021-12-04T06:43:27Z" finished-at="2021-12-04T06:43:31Z">
          <reporter-output>
          </reporter-output>
        </test-method> <!-- loginAsBankManager -->
        <test-method status="PASS" signature="tearDown()[pri:0, instance:com.w2a.testcases.LoginTest@5056dfcb]" name="tearDown" is-config="true" duration-ms="94" started-at="2021-12-04T06:43:31Z" finished-at="2021-12-04T06:43:31Z">
          <reporter-output>
          </reporter-output>
        </test-method> <!-- tearDown -->
      </class> <!-- com.w2a.testcases.LoginTest -->
    </test> <!-- Validate Title Test -->
  </suite> <!-- Data Driven basics -->
</testng-results>
